<?xml version="1.0" encoding="UTF-8"?>
<!-- Generated by org.testng.reporters.JUnitReportReporter -->
<testsuite hostname="AlaaAbozaid" failures="0" tests="1" name="tests.ContactUsTest" time="9.796" errors="0" timestamp="29 Apr 2022 19:23:40 GMT" skipped="0">
  <testcase classname="tests.ContactUsTest" name="testContactUs" time="9.796"/>
</testsuite> <!-- tests.ContactUsTest -->
