<?xml version="1.0" encoding="UTF-8"?>
<!-- Generated by org.testng.reporters.JUnitReportReporter -->
<testsuite hostname="AlaaAbozaid" failures="0" tests="8" name="tests.LoginTest" time="24.771" errors="0" timestamp="29 Apr 2022 19:23:40 GMT" skipped="0">
  <testcase classname="tests.LoginTest" name="missingPasswordField" time="4.825"/>
  <testcase classname="tests.LoginTest" name="testLoginWithIncorrectPassword" time="3.077"/>
  <testcase classname="tests.LoginTest" name="CreateAccounErrorMessage" time="1.261"/>
  <testcase classname="tests.LoginTest" name="testtUserWithList" time="2.407"/>
  <testcase classname="tests.LoginTest" name="testtUserWithList" time="2.351"/>
  <testcase classname="tests.LoginTest" name="testtUserWithList" time="4.094"/>
  <testcase classname="tests.LoginTest" name="LoginWithDataProvider" time="3.927"/>
  <testcase classname="tests.LoginTest" name="LoginWithDataProvider" time="2.829"/>
</testsuite> <!-- tests.LoginTest -->
