<?xml version="1.0" encoding="UTF-8"?>
<!-- Generated by org.testng.reporters.JUnitReportReporter -->
<testsuite hostname="AlaaAbozaid" failures="0" tests="1" name="tests.HomePageTest" time="0.034" errors="0" timestamp="29 Apr 2022 19:23:40 GMT" skipped="0">
  <testcase classname="tests.HomePageTest" name="checkHomePageCount" time="0.034"/>
</testsuite> <!-- tests.HomePageTest -->
